[2016-08-18 19:36:42] START
[2016-08-18 19:57:01] EDIT sales3/models/db.py: 20
[2016-08-22 19:01:10] EDIT sales3/models/menu.py: 0
[2016-08-22 19:11:37] CREATE consultas.py: 0
[2016-08-22 19:19:23] EDIT sales3/controllers/consultas.py: 4
[2016-08-22 19:19:59] EDIT sales3/controllers/consultas.py: 0
[2016-08-22 19:20:04] EDIT sales3/controllers/consultas.py: 0
[2016-08-22 19:20:41] EDIT sales3/controllers/consultas.py: 0
[2016-08-22 19:20:47] EDIT sales3/controllers/consultas.py: 0
[2016-08-22 19:20:58] EDIT sales3/controllers/consultas.py: 0
[2016-08-22 19:21:04] EDIT sales3/controllers/consultas.py: 0
[2016-08-22 19:23:05] CREATE consultas.py: 0
[2016-08-22 19:40:02] EDIT sales3/views/consultas.py: 4
[2016-08-22 19:44:34] EDIT sales3/views/consultas.py: 4
[2016-08-22 19:46:43] EDIT sales3/views/consultas.py: -1
[2016-08-22 19:46:59] EDIT sales3/views/consultas.py: 0
[2016-08-22 19:47:07] EDIT sales3/views/consultas.py: 1
[2016-08-22 19:47:26] EDIT sales3/views/consultas.py: 0
[2016-08-22 19:47:52] EDIT sales3/views/consultas.py: 0
[2016-08-22 19:47:58] EDIT sales3/views/consultas.py: -1
[2016-08-22 19:48:40] EDIT sales3/views/consultas.py: 1
[2016-08-22 19:48:56] EDIT sales3/views/consultas.py: 0
[2016-08-22 19:50:26] EDIT sales3/views/consultas.py: 0
[2016-08-22 19:51:42] EDIT sales3/views/consultas.py: 0
[2016-08-22 19:54:40] EDIT sales3/views/consultas.py: 0
[2016-08-26 14:10:13] CREATE altas.py: 0
[2016-08-26 14:15:22] EDIT sales3/models/db.py: 15
[2016-08-26 14:16:16] EDIT sales3/models/db.py: 0
[2016-08-26 14:19:26] EDIT sales3/models/db.py: 11
[2016-08-26 14:21:36] EDIT sales3/models/db.py: 2
[2016-08-26 14:28:30] EDIT sales3/models/db.py: 2
[2016-08-26 16:11:44] EDIT sales3/models/db.py: 8
[2016-08-26 16:17:15] EDIT sales3/models/db.py: 5
[2016-08-26 16:18:45] EDIT sales3/models/db.py: 2
[2016-08-26 16:20:53] EDIT sales3/models/db.py: 4
[2016-08-26 16:21:01] EDIT sales3/models/db.py: 0
[2016-08-26 16:24:33] EDIT sales3/models/db.py: 2
[2016-08-26 16:41:04] EDIT sales3/models/menu.py: 10
[2016-08-26 16:47:17] EDIT sales3/controllers/altas.py: 36
[2016-08-26 16:47:39] EDIT sales3/controllers/altas.py: 0
[2016-08-26 16:47:42] EDIT sales3/controllers/altas.py: 0
[2016-08-26 16:54:26] CREATE alta_cliente.html: 0
[2016-08-26 19:58:49] EDIT sales3/models/menu.py: 1
[2016-08-27 11:31:51] EDIT sales3/models/db.py: 0
[2016-08-27 11:36:56] EDIT sales3/models/db.py: 0
[2016-08-27 11:38:25] EDIT sales3/models/db.py: 0
[2016-08-27 11:38:35] EDIT sales3/models/db.py: 0
[2016-08-27 11:39:24] EDIT sales3/models/db.py: 0
[2016-08-27 11:56:16] EDIT sales3/models/db.py: 0
[2016-08-27 12:01:36] EDIT sales3/models/db.py: 0
[2016-08-27 12:06:40] EDIT sales3/models/db.py: 0
[2016-08-27 12:09:56] EDIT sales3/models/db.py: 0
[2016-08-27 12:26:48] EDIT sales3/models/db.py: 0
[2016-08-27 12:27:10] EDIT sales3/models/db.py: 1
[2016-08-27 12:29:36] EDIT sales3/models/db.py: -3
[2016-08-27 12:31:51] EDIT sales3/models/db.py: 0
[2016-08-27 12:38:11] EDIT sales3/models/db.py: 0
[2016-08-27 12:42:27] EDIT sales3/models/db.py: 0
[2016-08-27 12:50:24] DELETE sales3/views/alta_cliente.html: -3
[2016-08-27 12:51:32] CREATE alta/alta_cliente.html: 0
[2016-08-27 12:52:14] EDIT sales3/views/alta/alta_cliente.html: 0
[2016-08-27 13:45:43] EDIT sales3/views/alta/alta_cliente.html: 0
[2016-08-27 13:45:43] EDIT sales3/views/alta/alta_cliente.html: 0
[2016-08-27 13:45:44] EDIT sales3/views/alta/alta_cliente.html: 0
[2016-08-27 13:45:44] EDIT sales3/views/alta/alta_cliente.html: 0
[2016-08-27 13:45:44] EDIT sales3/views/alta/alta_cliente.html: 0
[2016-08-27 13:45:44] EDIT sales3/views/alta/alta_cliente.html: 0
[2016-08-27 13:45:44] EDIT sales3/views/alta/alta_cliente.html: 0
[2016-08-27 13:45:45] EDIT sales3/views/alta/alta_cliente.html: 0
[2016-08-27 13:48:25] EDIT sales3/models/db.py: 0
[2016-08-27 13:59:01] EDIT sales3/models/db.py: 0
[2016-08-27 14:04:39] EDIT sales3/models/db.py: 0
[2016-08-27 14:04:41] EDIT sales3/models/db.py: 0
[2016-08-27 14:07:44] EDIT sales3/models/db.py: 0
[2016-08-27 14:17:42] EDIT sales3/models/db.py: 0
[2016-08-27 14:20:07] EDIT sales3/models/db.py: 0
[2016-08-27 14:21:53] EDIT sales3/models/db.py: 0
[2016-08-27 14:22:04] EDIT sales3/models/db.py: 0
[2016-08-27 14:23:30] CREATE localidad.py: 0
[2016-08-27 14:24:00] EDIT sales3/models/db.py: 0
[2016-08-27 14:24:52] EDIT sales3/controllers/localidad.py: 2
[2016-08-27 14:25:50] EDIT sales3/models/db.py: 0
[2016-08-27 14:34:26] EDIT sales3/models/db.py: 0
[2016-08-27 14:34:50] CREATE localidad.html: 0
[2016-08-27 14:35:24] EDIT sales3/views/localidad.html: 9
[2016-08-27 14:36:49] EDIT sales3/views/localidad.html: 0
[2016-08-27 14:37:06] EDIT sales3/models/db.py: 0
[2016-08-27 14:37:53] EDIT sales3/models/db.py: 0
[2016-08-27 14:37:57] EDIT sales3/models/db.py: 0
[2016-08-27 14:40:44] EDIT sales3/models/db.py: 2
[2016-08-27 14:41:16] EDIT sales3/models/menu.py: 5
[2016-08-27 14:42:40] EDIT sales3/models/menu.py: -1
[2016-08-27 14:43:52] EDIT sales3/models/menu.py: -1
[2016-08-27 14:49:27] EDIT sales3/models/db.py: 2
[2016-08-27 14:49:29] EDIT sales3/models/db.py: 0
[2016-08-27 14:50:08] EDIT sales3/models/db.py: 0
[2016-08-27 14:51:23] EDIT sales3/models/db.py: 0
[2016-08-27 14:52:42] EDIT sales3/views/localidad.html: 0
[2016-08-27 14:53:35] EDIT sales3/models/menu.py: 0
[2016-08-27 14:53:39] EDIT sales3/models/db.py: 0
[2016-08-27 14:53:48] EDIT sales3/views/localidad.html: 0
[2016-08-27 14:55:10] EDIT sales3/views/localidad.html: 0
[2016-08-27 14:58:43] EDIT sales3/models/db.py: 0
[2016-08-27 14:59:35] EDIT sales3/models/db.py: -1
[2016-08-27 15:01:17] EDIT sales3/models/db.py: 0
[2016-08-27 15:07:03] EDIT sales3/models/db.py: -1
[2016-08-27 15:07:09] EDIT sales3/models/db.py: 0
[2016-08-27 15:08:39] EDIT sales3/models/db.py: 0
[2016-08-27 15:08:47] EDIT sales3/models/db.py: 0
[2016-08-27 15:12:39] EDIT sales3/models/db.py: -3
[2016-08-27 15:15:15] EDIT sales3/models/db.py: 0
[2016-08-27 15:18:35] EDIT sales3/models/db.py: 4
[2016-08-27 15:19:36] EDIT sales3/models/db.py: -1
[2016-08-29 10:42:24] EDIT dienofuweb2py/models/db.py: 0
[2016-08-29 10:45:23] EDIT dienofuweb2py/models/db.py: 1
[2016-08-29 10:53:09] EDIT dienofuweb2py/models/db.py: 0
[2016-08-29 10:56:05] EDIT dienofuweb2py/models/db.py: 0
[2016-08-29 11:05:57] EDIT dienofuweb2py/models/db.py: 0
[2016-08-29 11:06:42] EDIT dienofuweb2py/models/db.py: 0
[2016-08-29 11:08:45] EDIT dienofuweb2py/models/db.py: 0
[2016-08-29 11:09:12] EDIT dienofuweb2py/models/db.py: 0
[2016-08-29 11:13:35] EDIT dienofuweb2py/models/db.py: 0
[2016-08-29 11:14:07] EDIT dienofuweb2py/models/db.py: 0
[2016-08-29 11:14:09] EDIT dienofuweb2py/models/db.py: 0
[2016-08-29 11:16:55] EDIT dienofuweb2py/models/db.py: 0
[2016-08-29 12:23:16] EDIT dienofuweb2py/models/db.py: 0
[2016-08-29 12:23:20] EDIT dienofuweb2py/models/db.py: 0
[2016-08-29 12:51:30] EDIT dienofuweb2py/models/db.py: 0
[2016-08-29 13:14:18] EDIT dienofuweb2py/models/db.py: 0
[2016-08-29 13:14:19] EDIT dienofuweb2py/models/db.py: 0
[2016-08-29 13:14:20] EDIT dienofuweb2py/models/db.py: 0
[2016-08-30 09:13:54] DELETE sales3/views/alta/alta_cliente.html: -3
[2016-08-30 09:16:27] CREATE altas/alta_cliente.html: 0
[2016-08-30 09:16:58] EDIT sales3/views/altas/alta_cliente.html: 0
[2016-08-30 09:18:34] CREATE altas/alta_empleado.html: 0
[2016-08-30 09:18:58] EDIT sales3/views/altas/alta_empleado.html: 0
[2016-08-30 09:19:23] EDIT sales3/views/altas/alta_empleado.html: 0
[2016-08-30 09:20:37] CREATE altas/alta_producto.html: 0
[2016-08-30 09:21:08] DELETE sales3/views/altas/alta_empleado.html.1: -3
[2016-08-30 09:21:43] EDIT sales3/views/altas/alta_producto.html: 0
[2016-08-30 09:23:23] CREATE altas/alta_proveedor.html: 0
[2016-08-30 09:23:50] EDIT sales3/views/altas/alta_proveedor.html: 0
[2016-08-30 09:24:27] DELETE sales3/views/altas/alta_empleado.html: -3
[2016-08-30 09:24:43] CREATE altas/alta_empleado.html: 0
[2016-08-30 09:25:10] EDIT sales3/views/altas/alta_empleado.html: 0
[2016-08-30 13:08:36] EDIT sales3/views/altas/alta_producto.html: 0
[2016-08-30 13:11:27] EDIT sales3/views/altas/alta_cliente.html: 0
[2016-08-30 13:16:52] EDIT sales3/views/altas/alta_empleado.html: 0
[2016-08-30 13:24:07] EDIT sales3/views/altas/alta_empleado.html: 0
[2016-08-30 13:25:32] EDIT sales3/views/altas/alta_empleado.html: 0
[2016-08-30 15:08:48] DELETE sales3/controllers/localidad.py: -3
[2016-08-30 15:12:19] EDIT sales3/controllers/altas.py: 0
[2016-08-31 10:28:27] EDIT sales3/models/db.py: 14
[2016-08-31 10:41:24] EDIT sales3/models/db.py: 0
[2016-08-31 10:43:09] EDIT sales3/models/db.py: 0
[2016-08-31 10:47:21] EDIT sales3/models/db.py: 0
[2016-08-31 10:53:47] EDIT sales3/models/db.py: 0
[2016-08-31 10:54:03] EDIT sales3/models/db.py: 0
[2016-08-31 10:55:28] EDIT sales3/models/db.py: 0
[2016-08-31 10:58:05] EDIT sales3/models/db.py: 0
[2016-08-31 10:59:35] EDIT sales3/models/db.py: -1
[2016-08-31 11:34:42] EDIT sales3/models/db.py: 0
[2016-08-31 15:23:21] CREATE altas/alta_stock.html: 0
[2016-08-31 15:25:23] EDIT sales3/views/altas/alta_stock.html: 0
[2016-08-31 15:30:19] EDIT sales3/controllers/altas.py: 9
[2016-08-31 15:39:50] EDIT sales3/controllers/consultas.py: 24
[2016-08-31 15:42:04] CREATE consultas/localidad_cliente.html: 0
[2016-08-31 15:48:19] EDIT sales3/views/consultas/localidad_cliente.html: 0
[2016-08-31 15:55:41] EDIT sales3/views/consultas/localidad_cliente.html: 4
[2016-08-31 15:57:40] CREATE cconsultas/ClientesPorCiudad.html: 0
[2016-08-31 15:58:29] EDIT sales3/views/cconsultas/ClientesPorCiudad.html: 0
[2016-08-31 15:59:27] EDIT sales3/views/cconsultas/ClientesPorCiudad.html: 5
[2016-08-31 16:00:12] EDIT sales3/views/cconsultas/ClientesPorCiudad.html: -1
[2016-08-31 16:00:21] EDIT sales3/views/cconsultas/ClientesPorCiudad.html: 0
[2016-09-01 08:25:18] EDIT sales3/views/cconsultas/ClientesPorCiudad.html: 3
[2016-09-01 08:28:36] DELETE sales3/views/consultas/localidad_cliente.html: -7
[2016-09-01 08:29:00] DELETE sales3/views/consultas.py: -8
[2016-09-01 08:38:31] DELETE sales3/views/cconsultas/ClientesPorCiudad.html: -10
[2016-09-01 08:39:03] CREATE consultas/ClientesPorCiudad.html: 0
[2016-09-01 08:39:41] EDIT sales3/views/consultas/ClientesPorCiudad.html: 7
[2016-09-01 08:45:04] EDIT sales3/controllers/consultas.py: 0
[2016-09-01 08:49:20] EDIT sales3/controllers/consultas.py: 0
[2016-09-01 08:49:26] EDIT sales3/views/consultas/ClientesPorCiudad.html: 0
[2016-09-01 08:53:17] EDIT sales3/controllers/consultas.py: 1
[2016-09-01 09:13:49] EDIT sales3/controllers/consultas.py: 0
[2016-09-01 09:17:25] EDIT sales3/controllers/consultas.py: 0
[2016-09-01 09:17:26] EDIT sales3/controllers/consultas.py: 0
[2016-09-01 09:20:01] EDIT sales3/views/consultas/ClientesPorCiudad.html: -1
[2016-09-01 09:20:46] EDIT sales3/views/consultas/ClientesPorCiudad.html: 0
[2016-09-01 09:21:15] EDIT sales3/views/consultas/ClientesPorCiudad.html: 0
[2016-09-01 09:21:53] EDIT sales3/controllers/consultas.py: 0
[2016-09-01 09:22:00] EDIT sales3/controllers/consultas.py: 0
[2016-09-01 09:24:14] EDIT sales3/controllers/consultas.py: 0
[2016-09-01 09:24:28] EDIT sales3/controllers/consultas.py: 0
[2016-09-01 09:30:21] EDIT sales3/models/menu.py: 0
[2016-09-01 09:30:59] EDIT sales3/models/menu.py: 0
[2016-09-01 09:32:38] EDIT sales3/models/menu.py: 1
[2016-09-01 09:34:39] EDIT sales3/models/menu.py: 0
[2016-09-01 18:52:33] CREATE vista_enrique.html: 0
[2016-09-01 18:53:12] EDIT sales3/views/vista_enrique.html: 124
[2016-09-05 12:12:54] EDIT sales3/models/menu.py: 1
[2016-09-05 12:14:07] CREATE consultas/ClientesPorApellido.html: 0
[2016-09-05 12:15:22] EDIT sales3/views/consultas/ClientesPorApellido.html: 8
[2016-09-05 12:18:03] EDIT sales3/views/consultas/ClientesPorApellido.html: 0
[2016-09-05 12:37:37] EDIT sales3/controllers/consultas.py: 30
[2016-09-05 14:29:51] EDIT sales3/models/menu.py: 1
[2016-09-05 14:35:00] EDIT sales3/controllers/consultas.py: 30
[2016-09-05 14:36:41] CREATE consultas/ClientesPordni.html_: 0
[2016-09-05 14:37:42] EDIT sales3/views/consultas/ClientesPordni.html_: 11
[2016-09-05 14:39:39] EDIT sales3/controllers/consultas.py: 0
[2016-09-05 14:40:07] EDIT sales3/models/menu.py: 0
[2016-09-05 14:40:10] EDIT sales3/controllers/consultas.py: 0
[2016-09-05 14:49:02] EDIT sales3/controllers/consultas.py: 0
[2016-09-05 14:52:30] EDIT sales3/views/consultas/ClientesPordni.html_: 0
[2016-09-05 14:52:33] EDIT sales3/views/consultas/ClientesPordni.html_: 0
[2016-09-05 14:53:34] EDIT sales3/views/consultas/ClientesPordni.html_: 0
[2016-09-05 15:20:27] EDIT sales3/controllers/consultas.py: 0
[2016-09-05 15:22:46] EDIT sales3/views/consultas/ClientesPordni.html_: 0
[2016-09-05 15:22:50] EDIT sales3/views/consultas/ClientesPordni.html_: 0
[2016-09-05 15:29:39] EDIT sales3/models/menu.py: 0
[2016-09-05 15:40:31] EDIT sales3/controllers/consultas.py: 0
[2016-09-05 15:40:39] EDIT sales3/controllers/consultas.py: 0
[2016-09-05 15:41:12] EDIT sales3/views/consultas/ClientesPordni.html_: 0
[2016-09-05 15:41:15] EDIT sales3/views/consultas/ClientesPordni.html_: 0
[2016-09-05 18:24:42] EDIT sales3/controllers/consultas.py: 0
[2016-09-05 18:27:48] EDIT sales3/views/consultas/ClientesPordni.html_: 0
[2016-09-05 18:42:10] DELETE sales3/views/consultas/ClientesPordni.html_: -11
[2016-09-05 18:43:42] CREATE consultas/ClientesPorDni.html: 0
[2016-09-05 18:46:30] EDIT sales3/models/menu.py: 0
[2016-09-05 18:48:06] EDIT sales3/views/consultas/ClientesPorDni.html: 0
[2016-09-05 18:49:00] EDIT sales3/views/consultas/ClientesPorDni.html: 0
[2016-09-05 18:49:27] EDIT sales3/views/consultas/ClientesPorDni.html: 0
[2016-09-05 19:02:42] EDIT sales3/views/consultas/ClientesPorDni.html: 8
[2016-09-05 19:08:50] EDIT sales3/controllers/consultas.py: 0
[2016-09-05 19:30:44] EDIT sales3/controllers/consultas.py: 0
[2016-09-06 09:02:13] EDIT sales3/controllers/consultas.py: 30
[2016-09-06 09:02:16] EDIT sales3/controllers/consultas.py: 0
[2016-09-06 09:05:29] CREATE consulta/ProveedorPorCuit.html: 0
[2016-09-06 09:19:00] EDIT sales3/views/consulta/ProveedorPorCuit.html: 8
[2016-09-06 09:19:44] EDIT sales3/controllers/consultas.py: 0
[2016-09-06 10:07:02] EDIT sales3/models/menu.py: 1
[2016-09-06 10:10:19] EDIT sales3/models/menu.py: 0
[2016-09-06 10:10:27] EDIT sales3/controllers/consultas.py: 0
[2016-09-06 10:49:44] EDIT sales3/models/menu.py: 0
[2016-09-06 10:59:16] DELETE sales3/views/consulta/ProveedorPorCuit.html: -11
[2016-09-06 11:00:44] CREATE consultas/ProveedorPorCuit.html: 0
[2016-09-06 11:04:47] EDIT sales3/views/consultas/ProveedorPorCuit.html: 8
[2016-09-06 11:05:05] EDIT sales3/models/menu.py: 0
[2016-09-06 11:05:09] EDIT sales3/models/menu.py: 0
[2016-09-06 12:45:33] EDIT sales3/models/db.py: -1
[2016-09-06 12:47:08] EDIT sales3/models/db.py: 1
[2016-09-06 12:48:38] EDIT sales3/controllers/consultas.py: -1
[2016-09-06 12:49:07] EDIT sales3/controllers/consultas.py: -1
[2016-09-06 12:49:15] EDIT sales3/controllers/consultas.py: -1
[2016-09-06 12:50:14] EDIT sales3/controllers/consultas.py: 0
[2016-09-06 12:52:01] EDIT sales3/controllers/consultas.py: 0
[2016-09-06 12:52:21] EDIT sales3/controllers/consultas.py: 0
[2016-09-06 14:11:13] EDIT sales3/controllers/consultas.py: 0
[2016-09-06 14:11:21] EDIT sales3/controllers/consultas.py: 0
[2016-09-06 14:22:18] EDIT sales3/controllers/consultas.py: 0
[2016-09-06 14:23:17] EDIT sales3/controllers/consultas.py: 0
[2016-09-06 14:26:02] EDIT sales3/controllers/consultas.py: -29
[2016-09-06 14:37:31] EDIT sales3/controllers/consultas.py: 29
[2016-09-06 14:41:46] EDIT sales3/controllers/consultas.py: 0
[2016-09-06 14:44:29] EDIT sales3/controllers/consultas.py: 0
[2016-09-06 14:57:32] EDIT sales3/controllers/consultas.py: 0
[2016-09-06 14:58:39] EDIT sales3/controllers/consultas.py: 0
[2016-09-06 15:00:11] EDIT sales3/controllers/consultas.py: 0
[2016-09-06 15:00:11] EDIT sales3/controllers/consultas.py: 0
[2016-09-06 15:04:12] EDIT sales3/controllers/consultas.py: 0
[2016-09-06 21:24:48] EDIT sales3/controllers/consultas.py: 0
[2016-09-06 21:27:01] EDIT sales3/controllers/consultas.py: 0
[2016-09-06 21:32:53] EDIT sales3/controllers/consultas.py: 0
[2016-09-08 08:52:36] EDIT sales3/models/db.py: 3
[2016-09-08 08:56:21] EDIT sales3/models/db.py: 3
[2016-09-08 08:56:42] EDIT sales3/models/db.py: 0
[2016-09-08 09:06:53] EDIT sales3/models/db.py: 0
[2016-09-08 09:29:00] EDIT sales3/models/db.py: 0
[2016-09-08 09:31:33] EDIT sales3/models/db.py: 0
[2016-09-08 09:31:50] EDIT sales3/models/db.py: 0
[2016-09-08 09:32:11] EDIT sales3/models/db.py: 0
[2016-09-08 10:12:38] EDIT sales3/models/menu.py: -1
[2016-09-08 10:18:00] EDIT sales3/models/menu.py: 0
[2016-09-08 10:31:35] EDIT sales3/models/menu.py: 0
[2016-09-08 10:31:52] EDIT sales3/models/menu.py: 0
[2016-09-08 10:32:31] EDIT sales3/models/menu.py: -1
[2016-09-08 10:40:11] EDIT sales3/models/db.py: 0
[2016-09-08 11:10:00] EDIT sales3/models/db.py: 1
[2016-09-08 11:10:14] EDIT sales3/models/db.py: 0
[2016-09-08 11:10:22] EDIT sales3/models/db.py: 0
[2016-09-08 11:11:09] EDIT sales3/models/db.py: 0
[2016-09-08 11:11:21] EDIT sales3/models/menu.py: 1
[2016-09-08 11:13:53] EDIT sales3/models/db.py: 0
[2016-09-08 11:13:55] EDIT sales3/models/db.py: 0
[2016-09-08 11:14:30] EDIT sales3/models/db.py: 0
[2016-09-08 14:37:57] CREATE consultas/CodigoPorProducto.html: 0
[2016-09-08 14:40:51] EDIT sales3/views/consultas/CodigoPorProducto.html: 8
[2016-09-08 14:41:08] EDIT sales3/controllers/consultas.py: 0
[2016-09-08 14:58:39] EDIT sales3/controllers/consultas.py: 29
[2016-09-08 14:59:15] EDIT sales3/controllers/consultas.py: 0
[2016-09-08 15:19:45] DELETE sales3/views/consultas/CodigoPorProducto.html: -11
[2016-09-08 15:20:37] EDIT sales3/controllers/consultas.py: -29
[2016-09-08 18:53:49] EDIT sales3/models/db.py: 0
[2016-09-08 18:54:23] EDIT sales3/models/db.py: 0
[2016-09-08 19:44:27] EDIT sales3/views/altas/alta_cliente.html: 0
[2016-09-08 19:54:31] EDIT sales3/views/consultas/ClientesPorCiudad.html: 0
[2016-09-08 19:58:03] EDIT sales3/views/consultas/ClientesPorCiudad.html: 0
[2016-09-08 19:58:54] EDIT sales3/views/consultas/ClientesPorCiudad.html: 0
[2016-09-12 19:38:33] EDIT sales3/models/menu.py: 0
[2016-09-12 19:39:18] EDIT sales3/models/menu.py: 0
[2016-09-12 19:39:23] EDIT sales3/models/menu.py: 0
[2016-09-12 19:48:09] CREATE consultas/ProveedorPorNombre.html: 0
[2016-09-12 19:56:55] EDIT sales3/controllers/consultas.py: 29
[2016-09-12 19:57:00] EDIT sales3/controllers/consultas.py: 0
[2016-09-12 20:07:35] EDIT sales3/views/consultas/ProveedorPorNombre.html: 8
[2016-09-12 20:08:51] EDIT sales3/views/consultas/ProveedorPorNombre.html: 0
[2016-09-12 20:09:13] EDIT sales3/views/consultas/ProveedorPorNombre.html: 0
[2016-09-12 20:09:16] EDIT sales3/controllers/consultas.py: 0
[2016-09-12 20:09:20] EDIT sales3/models/db.py: 0
[2016-09-12 20:09:26] EDIT sales3/models/menu.py: 1
[2016-09-12 20:33:18] EDIT sales3/models/menu.py: 1
[2016-09-12 20:36:55] EDIT sales3/views/altas/alta_empleado.html: 0
[2016-09-12 20:41:16] EDIT sales3/views/altas/alta_proveedor.html: 0
[2016-09-12 20:42:26] EDIT sales3/views/altas/alta_producto.html: 0
[2016-09-12 20:57:03] EDIT sales3/controllers/consultas.py: 29
[2016-09-12 20:57:50] CREATE consultas/empleados.html: 0
[2016-09-12 20:58:45] EDIT sales3/views/consultas/empleados.html: 8
[2016-09-12 21:02:00] EDIT sales3/models/menu.py: 1
[2016-09-12 21:22:29] EDIT sales3/controllers/consultas.py: 0
[2016-09-12 21:24:30] EDIT sales3/controllers/consultas.py: 0
[2016-09-12 21:49:56] EDIT sales3/views/consultas/empleados.html: 0
[2016-09-12 21:51:20] EDIT sales3/controllers/consultas.py: 0
[2016-09-12 21:52:13] EDIT sales3/views/consultas/empleados.html: 0
[2016-09-12 21:55:13] EDIT sales3/controllers/consultas.py: 0
[2016-09-12 21:55:54] EDIT sales3/controllers/consultas.py: 0
[2016-09-12 22:08:24] EDIT sales3/controllers/consultas.py: 0
[2016-09-12 22:12:02] EDIT sales3/controllers/consultas.py: 0
[2016-09-12 22:14:04] EDIT sales3/controllers/consultas.py: 0
[2016-09-12 22:18:12] EDIT sales3/controllers/consultas.py: 0
[2016-09-12 22:22:39] EDIT sales3/controllers/consultas.py: 0
[2016-09-12 22:27:56] EDIT sales3/controllers/consultas.py: 0
[2016-09-12 22:28:42] EDIT sales3/controllers/consultas.py: 0
[2016-09-12 23:02:02] EDIT sales3/models/menu.py: 1
[2016-09-12 23:50:03] EDIT sales3/models/menu.py: 0
[2016-09-12 23:50:09] EDIT sales3/models/db.py: 0
[2016-09-12 23:50:16] EDIT sales3/controllers/consultas.py: 0
[2016-09-13 09:43:53] EDIT sales3/controllers/consultas.py: 30
[2016-09-13 09:46:00] CREATE consultas/ProductoPorCategoria.html: 0
[2016-09-13 09:46:19] EDIT sales3/controllers/consultas.py: 0
[2016-09-13 09:46:23] EDIT sales3/models/menu.py: 0
[2016-09-13 09:46:27] EDIT sales3/models/db.py: 0
[2016-09-13 09:53:12] EDIT sales3/views/consultas/ProductoPorCategoria.html: 8
[2016-09-13 10:27:37] EDIT sales3/controllers/consultas.py: 0
[2016-09-13 10:29:18] EDIT sales3/views/consultas/ProductoPorCategoria.html: 0
[2016-09-13 10:58:02] EDIT sales3/controllers/consultas.py: 0
[2016-09-13 11:03:17] EDIT sales3/models/db.py: 0
[2016-09-13 11:03:20] EDIT sales3/models/menu.py: 0
[2016-09-13 11:03:24] EDIT sales3/controllers/consultas.py: 0
[2016-09-13 11:03:28] EDIT sales3/views/consultas/ProductoPorCategoria.html: 0
[2016-09-13 11:03:35] EDIT sales3/controllers/consultas.py: 0
[2016-09-13 11:29:59] EDIT sales3/controllers/consultas.py: 29
[2016-09-13 11:31:27] EDIT sales3/controllers/consultas.py: 0
[2016-09-14 09:03:48] CREATE consultas/ProductoPorNombre.html: 0
[2016-09-14 09:41:10] EDIT sales3/views/consultas/ProductoPorNombre.html: 8
[2016-09-14 09:42:01] EDIT sales3/views/consultas/ProductoPorNombre.html: 0
[2016-09-14 09:53:18] EDIT sales3/controllers/consultas.py: 0
[2016-09-14 09:53:39] EDIT sales3/controllers/consultas.py: 0
[2016-09-14 09:54:00] EDIT sales3/views/consultas/ProductoPorNombre.html: 0
[2016-09-14 09:56:31] EDIT sales3/views/consultas/ProductoPorNombre.html: 0
[2016-09-14 09:59:59] EDIT sales3/models/menu.py: 1
[2016-09-14 10:02:23] EDIT sales3/models/menu.py: 0
[2016-09-14 10:02:49] EDIT sales3/models/menu.py: 0
[2016-09-14 10:03:16] EDIT sales3/models/menu.py: 0
[2016-09-14 10:03:53] EDIT sales3/models/menu.py: 0
[2016-09-14 10:08:13] EDIT sales3/controllers/consultas.py: 0
[2016-09-14 10:09:23] EDIT sales3/views/consultas/ProductoPorNombre.html: 0
[2016-09-14 10:48:54] EDIT sales3/views/consultas/ProductoPorNombre.html: 0
[2016-09-14 10:49:12] EDIT sales3/models/menu.py: 0
[2016-09-14 10:49:15] EDIT sales3/models/db.py: 0
[2016-09-14 10:49:18] EDIT sales3/controllers/consultas.py: 0
[2016-09-14 10:49:23] EDIT sales3/views/consultas/ProductoPorNombre.html: 0
[2016-09-14 11:08:35] EDIT sales3/controllers/consultas.py: 0
[2016-09-14 11:10:38] EDIT sales3/views/consultas/ProductoPorNombre.html: 0
[2016-09-14 11:10:44] EDIT sales3/models/menu.py: 0
[2016-09-14 11:10:47] EDIT sales3/models/db.py: 0
[2016-09-14 11:10:51] EDIT sales3/controllers/consultas.py: 0
[2016-09-14 11:10:57] EDIT sales3/views/consultas/ProductoPorNombre.html: 0
[2016-09-14 11:49:10] EDIT sales3/controllers/consultas.py: 0
[2016-09-14 11:49:45] EDIT sales3/controllers/consultas.py: 0
[2016-09-14 15:41:16] EDIT sales3/controllers/consultas.py: 0
[2016-09-14 15:44:26] EDIT sales3/controllers/consultas.py: 0
[2016-09-14 15:44:31] EDIT sales3/models/db.py: 0
[2016-09-14 15:44:36] EDIT sales3/models/menu.py: 0
[2016-09-14 18:19:55] EDIT sales3/controllers/consultas.py: 0
[2016-09-15 18:31:15] EDIT sales3/models/menu.py: 0
[2016-09-15 18:32:55] EDIT sales3/models/menu.py: 0
[2016-09-15 19:19:41] EDIT sales3/views/layout.html: 14
[2016-09-15 19:23:03] EDIT sales3/models/menu.py: 17
[2016-09-15 19:23:59] EDIT sales3/models/menu.py: 0
[2016-09-15 19:28:01] EDIT sales3/models/menu.py: -1
[2016-09-15 19:28:29] EDIT sales3/models/menu.py: 0
[2016-09-15 19:31:37] EDIT sales3/models/menu.py: 0
[2016-09-15 19:34:05] EDIT sales3/models/menu.py: 1
[2016-09-15 19:36:14] EDIT sales3/models/menu.py: 0
[2016-09-15 19:38:22] EDIT sales3/models/menu.py: 0
[2016-09-15 19:39:53] EDIT sales3/models/menu.py: -1
[2016-09-15 19:40:05] EDIT sales3/models/menu.py: -1
[2016-09-15 19:41:22] EDIT sales3/models/menu.py: 2
[2016-09-15 19:43:38] EDIT sales3/models/menu.py: -7
[2016-09-15 19:44:42] EDIT sales3/views/layout.html: 0
[2016-09-15 19:52:58] EDIT sales3/models/menu.py: -100
[2016-09-20 08:26:49] CREATE reportes.py: 0
[2016-09-20 08:27:41] EDIT sales3/controllers/reportes.py: 19
[2016-09-20 08:39:44] CREATE _reportes/ReportesClientes.html: 0
[2016-09-20 08:40:19] DELETE sales3/views/_reportes/ReportesClientes.html: -3
[2016-09-20 08:40:46] CREATE reportes/ReportesClientes.html: 0
[2016-09-20 08:41:49] EDIT sales3/views/reportes/ReportesClientes.html: 2
[2016-09-20 08:43:25] EDIT sales3/models/menu.py: -3
[2016-09-20 17:07:02] EDIT sales3/controllers/consultas.py: 0
[2016-09-20 17:08:49] EDIT sales3/models/menu.py: 0
[2016-09-20 17:15:33] DELETE sales3/views/consultas/empleados.html: -11
[2016-09-20 17:16:03] CREATE Consultas/Empleadosporlegajo.html: 0
[2016-09-20 17:16:33] EDIT sales3/views/Consultas/Empleadosporlegajo.html: 7
[2016-09-20 17:17:31] EDIT sales3/models/menu.py: 0
[2016-09-20 17:19:36] EDIT sales3/controllers/consultas.py: 0
[2016-09-20 17:22:40] DELETE sales3/views/Consultas/Empleadosporlegajo.html: -10
[2016-09-20 17:23:04] CREATE consulta/Empleadosporlegajo.html: 0
[2016-09-20 17:23:26] EDIT sales3/views/consulta/Empleadosporlegajo.html: 7
[2016-09-20 17:26:40] EDIT sales3/views/consulta/Empleadosporlegajo.html: 0
[2016-09-20 17:28:32] EDIT sales3/views/consulta/Empleadosporlegajo.html: 0
[2016-09-20 17:29:02] DELETE sales3/views/consulta/Empleadosporlegajo.html: -10
[2016-09-20 17:29:24] CREATE consulta/Empleadosporlegajo.html: 0
[2016-09-20 17:30:54] EDIT sales3/views/consulta/Empleadosporlegajo.html: 0
[2016-09-20 17:33:45] EDIT sales3/views/consulta/Empleadosporlegajo.html: 1
[2016-09-20 17:37:21] EDIT sales3/views/consulta/Empleadosporlegajo.html: 6
[2016-09-20 17:38:58] DELETE sales3/views/consulta/Empleadosporlegajo.html: -10
[2016-09-20 17:39:25] CREATE consultas/Empleadosporlegajo.html: 0
[2016-09-20 17:41:26] EDIT sales3/views/consultas/Empleadosporlegajo.html: 0
[2016-09-20 17:41:39] EDIT sales3/views/consultas/Empleadosporlegajo.html: 0
[2016-09-20 17:45:30] EDIT sales3/views/consultas/Empleadosporlegajo.html: 7
[2016-09-20 17:46:24] EDIT sales3/views/consultas/Empleadosporlegajo.html: 0
[2016-09-20 17:49:14] CREATE consultas/Empleadospordni.html: 0
[2016-09-20 17:49:37] EDIT sales3/views/consultas/Empleadospordni.html: 7
[2016-09-20 17:51:11] EDIT sales3/controllers/consultas.py: 29
[2016-09-20 17:52:13] EDIT sales3/controllers/consultas.py: 0
[2016-09-20 17:55:07] EDIT sales3/controllers/consultas.py: 0
[2016-09-20 17:57:52] EDIT sales3/controllers/consultas.py: 0
[2016-09-20 17:59:00] EDIT sales3/views/consultas/Empleadospordni.html: 0
[2016-09-20 18:00:27] EDIT sales3/models/menu.py: 0
[2016-09-27 14:34:30] EDIT sales3/controllers/consultas.py: 0
[2016-09-28 08:25:58] EDIT sales3/controllers/consultas.py: 0
[2016-09-28 08:48:09] EDIT sales3/controllers/consultas.py: 0
[2016-09-28 08:48:51] EDIT sales3/controllers/consultas.py: -29
[2016-09-28 08:50:15] EDIT sales3/controllers/consultas.py: 29
[2016-09-28 08:54:32] EDIT sales3/models/menu.py: 0
[2016-09-28 08:59:45] EDIT sales3/models/menu.py: 0
[2016-09-28 09:09:49] EDIT sales3/models/db.py: 0
[2016-09-28 09:10:29] EDIT sales3/models/db.py: 0
[2016-09-28 09:11:18] EDIT sales3/models/db.py: 0
[2016-09-28 09:15:28] EDIT sales3/models/db.py: -1
[2016-09-29 10:43:24] EDIT sales3/controllers/consultas.py: 0
[2016-09-29 12:46:22] EDIT sales3/models/menu.py: 0
[2016-10-12 09:03:02] EDIT sales3/models/menu.py: 0
[2016-10-12 09:05:32] EDIT sales3/models/menu.py: 0
[2016-10-12 09:06:19] EDIT sales3/models/menu.py: 0
[2016-10-12 11:29:08] EDIT sales3/models/menu.py: 0
[2016-10-12 14:24:48] EDIT sales3/controllers/consultas.py: 30
[2016-10-12 14:28:11] CREATE consultas/ProductoPorCodigo.html: 0
[2016-10-12 14:31:25] EDIT sales3/views/consultas/ProductoPorCodigo.html: 9
[2016-10-12 14:33:21] EDIT sales3/models/menu.py: 0
[2016-10-12 14:33:42] EDIT sales3/models/menu.py: 0
[2016-10-12 14:37:41] EDIT sales3/views/consultas/ProductoPorCodigo.html: -1
[2016-10-12 14:39:42] EDIT sales3/controllers/consultas.py: 0
[2016-10-12 14:41:36] EDIT sales3/controllers/consultas.py: 0
[2016-10-12 14:44:28] EDIT sales3/controllers/consultas.py: 0
[2016-10-12 14:52:02] EDIT sales3/controllers/consultas.py: 0
[2016-10-12 14:53:08] EDIT sales3/controllers/consultas.py: 0
[2016-10-12 14:58:15] EDIT sales3/views/consultas/ClientesPorApellido.html: 0
[2016-10-12 14:59:32] EDIT sales3/views/consultas/ClientesPorApellido.html: 0
[2016-10-12 15:01:02] EDIT sales3/views/consultas/ClientesPorCiudad.html: 2
[2016-10-12 15:02:33] EDIT sales3/views/consultas/ClientesPorDni.html: 0
[2016-10-12 15:03:24] EDIT sales3/views/consultas/Empleadospordni.html: 0
[2016-10-12 15:03:45] EDIT sales3/views/consultas/Empleadospordni.html: 0
[2016-10-12 15:04:51] EDIT sales3/views/consultas/Empleadosporlegajo.html: 1
[2016-10-12 15:05:59] EDIT sales3/views/consultas/ProductoPorCategoria.html: 0
[2016-10-12 15:08:47] EDIT sales3/views/consultas/ProductoPorCodigo.html: 0
[2016-10-12 15:09:26] EDIT sales3/views/consultas/ProductoPorNombre.html: 0
[2016-10-12 15:10:30] EDIT sales3/views/consultas/ProveedorPorCuit.html: 0
[2016-10-12 15:11:15] EDIT sales3/views/consultas/ProveedorPorCuit.html: 0
[2016-10-12 15:12:00] EDIT sales3/views/consultas/ProveedorPorNombre.html: 0
[2016-10-12 15:18:31] EDIT sales3/views/default/index.html: 2
[2016-10-12 15:20:06] EDIT sales3/views/default/index.html: 0
[2016-10-12 15:22:50] EDIT sales3/views/default/index.html: 0
[2016-10-12 15:24:53] EDIT sales3/controllers/default.py: 0
[2016-10-12 15:42:15] EDIT sales3/views/default/index.html: 0
[2016-10-12 15:49:26] EDIT sales3/views/default/index.html: 0
[2016-10-12 15:50:28] EDIT sales3/views/default/index.html: 0
[2016-10-12 15:50:43] EDIT sales3/views/default/index.html: 0
[2016-10-12 15:54:56] EDIT sales3/views/layout.html: 0
[2016-10-12 15:56:26] EDIT sales3/views/layout.html: 0
[2016-10-12 17:42:42] EDIT sales3/controllers/reportes.py: 19
[2016-10-12 17:49:21] EDIT sales3/controllers/reportes.py: 0
[2016-10-12 17:50:23] EDIT sales3/controllers/reportes.py: 0
[2016-10-14 10:20:22] EDIT sales3/controllers/reportes.py: 0
[2016-10-14 10:21:30] EDIT sales3/controllers/reportes.py: 0
[2016-10-14 10:25:54] EDIT sales3/controllers/reportes.py: 0
[2016-10-14 10:37:30] CREATE reportes/ReportesProveedor.html: 0
[2016-10-14 11:39:06] EDIT sales3/views/reportes/ReportesProveedor.html: 2
[2016-10-14 11:39:31] EDIT sales3/views/reportes/ReportesProveedor.html: 0
[2016-10-14 11:44:36] EDIT sales3/views/reportes/ReportesProveedor.html: 0
[2016-10-14 11:44:56] EDIT sales3/views/reportes/ReportesClientes.html: 0
[2016-10-14 11:48:15] EDIT sales3/views/reportes/ReportesClientes.html: 0
[2016-10-14 11:48:19] EDIT sales3/views/reportes/ReportesProveedor.html: 0
[2016-10-14 11:51:01] EDIT sales3/controllers/reportes.py: 0
[2016-10-14 11:56:13] EDIT sales3/controllers/reportes.py: 0
[2016-10-14 11:56:47] EDIT sales3/views/reportes/ReportesProveedor.html: 0
[2016-10-14 11:56:52] EDIT sales3/views/reportes/ReportesClientes.html: 0
[2016-10-14 12:08:24] DELETE sales3/views/reportes/ReportesProveedor.html: -5
[2016-10-14 12:21:11] CREATE reportes/ReportesProveedores.html: 0
[2016-10-14 12:24:30] EDIT sales3/views/reportes/ReportesProveedores.html: 2
[2016-10-14 12:25:22] EDIT sales3/views/reportes/ReportesClientes.html: 0
[2016-10-14 12:25:25] EDIT sales3/views/reportes/ReportesProveedores.html: 0
[2016-10-14 12:25:28] EDIT sales3/models/db.py: 0
[2016-10-14 13:13:58] EDIT sales3/controllers/reportes.py: 17
[2016-10-14 13:14:02] EDIT sales3/controllers/reportes.py: 0
[2016-10-14 13:14:20] EDIT sales3/controllers/reportes.py: 0
[2016-10-14 13:14:21] EDIT sales3/controllers/reportes.py: 0
[2016-10-14 13:15:31] CREATE reportes/ReportesProductos.html: 0
[2016-10-14 13:16:24] EDIT sales3/views/reportes/ReportesProductos.html: 2
[2016-10-14 13:16:39] EDIT sales3/views/reportes/ReportesProductos.html: 0
[2016-10-14 13:16:41] EDIT sales3/views/reportes/ReportesProductos.html: 0
[2016-10-14 13:21:21] EDIT sales3/views/reportes/ReportesProductos.html: 0
[2016-10-14 13:37:40] EDIT sales3/views/reportes/ReportesProductos.html: 0
[2016-10-14 13:50:55] EDIT sales3/views/reportes/ReportesProductos.html: 0
[2016-10-14 13:52:04] EDIT sales3/controllers/reportes.py: 0
[2016-10-14 13:54:32] EDIT sales3/models/menu.py: 1
[2016-10-14 13:55:48] EDIT sales3/views/reportes/ReportesProductos.html: 0
[2016-10-14 13:55:56] EDIT sales3/views/reportes/ReportesProductos.html: 0
[2016-10-14 13:57:45] EDIT sales3/models/menu.py: 0
[2016-10-14 14:00:15] EDIT sales3/controllers/reportes.py: 0
[2016-10-14 14:00:34] EDIT sales3/controllers/reportes.py: 0
[2016-10-14 14:00:40] EDIT sales3/views/reportes/ReportesProductos.html: 0
[2016-10-14 14:00:45] EDIT sales3/models/menu.py: 0
[2016-10-14 14:00:49] EDIT sales3/controllers/reportes.py: 0
[2016-10-14 14:00:53] EDIT sales3/models/db.py: 0
[2016-10-14 20:46:06] EDIT sales3/controllers/reportes.py: 0
[2016-10-14 20:48:56] EDIT sales3/controllers/reportes.py: 0
[2016-10-19 19:14:13] CREATE reportes/ReportesEmpleados.html: 0
[2016-10-19 19:15:29] EDIT sales3/views/reportes/ReportesEmpleados.html: 2
[2016-10-19 19:28:58] EDIT sales3/models/menu.py: 1
[2016-10-19 19:48:06] EDIT sales3/controllers/reportes.py: 19
[2016-10-19 19:48:10] EDIT sales3/controllers/reportes.py: 0
[2016-10-19 19:53:13] EDIT sales3/controllers/reportes.py: 0
[2016-10-19 19:53:27] EDIT sales3/controllers/reportes.py: 0
[2016-10-21 19:12:01] EDIT sales3/models/menu.py: -2
[2016-10-21 19:12:12] EDIT sales3/models/menu.py: -1
[2016-10-21 19:14:14] EDIT sales3/models/menu.py: 3
[2016-10-21 19:15:29] EDIT sales3/models/menu.py: 0
[2016-10-21 19:28:23] EDIT sales3/models/menu.py: 0
[2016-10-21 19:31:35] EDIT sales3/models/menu.py: 0
[2016-10-21 19:31:55] EDIT sales3/models/menu.py: 0
[2016-11-18 21:11:44] EDIT sales3/views/reportes/ReportesClientes.html: 2
[2016-11-18 21:12:49] EDIT sales3/views/reportes/ReportesClientes.html: -2
[2016-11-18 21:19:25] EDIT sales3/controllers/reportes.py: 0
[2016-11-19 13:35:10] CREATE bajas.py: 0
[2016-11-19 13:44:28] EDIT sales3/controllers/bajas.py: 8
[2016-11-19 13:46:49] EDIT sales3/views/reportes/ReportesClientes.html: 1
[2016-11-19 13:50:44] EDIT sales3/views/reportes/ReportesClientes.html: -1
[2016-11-19 13:56:12] EDIT sales3/controllers/reportes.py: 0
[2016-11-19 14:00:17] EDIT sales3/controllers/reportes.py: 0
[2016-11-19 14:01:22] EDIT sales3/controllers/reportes.py: 0
[2016-11-19 14:01:59] EDIT sales3/controllers/reportes.py: 0
[2016-11-19 14:02:22] EDIT sales3/controllers/reportes.py: 0
[2016-11-19 14:09:19] EDIT sales3/controllers/reportes.py: 3
[2016-11-19 14:09:32] EDIT sales3/controllers/reportes.py: 0
[2016-11-19 14:09:40] EDIT sales3/controllers/reportes.py: 0
[2016-11-19 15:33:53] EDIT sales3/controllers/reportes.py: 1
[2016-11-19 15:34:52] EDIT sales3/controllers/reportes.py: 0
[2016-11-19 15:52:50] EDIT sales3/controllers/reportes.py: 0
[2016-11-19 16:11:22] EDIT sales3/views/reportes/ReportesClientes.html: 8
[2016-11-19 16:14:01] EDIT sales3/controllers/reportes.py: 1
[2016-11-19 16:16:22] EDIT sales3/controllers/reportes.py: 0
[2016-11-19 16:16:56] EDIT sales3/views/reportes/ReportesClientes.html: -1
[2016-11-19 16:18:44] EDIT sales3/views/reportes/ReportesClientes.html: 0
[2016-11-19 16:46:22] EDIT sales3/controllers/reportes.py: -5
[2016-11-19 16:47:31] EDIT sales3/views/reportes/ReportesClientes.html: -7
[2016-12-22 08:48:25] EDIT sales3/controllers/reportes.py: 0
[2016-12-22 08:53:52] EDIT sales3/controllers/reportes.py: -15
[2016-12-22 08:59:25] EDIT sales3/views/reportes/ReportesClientes.html: 6
[2016-12-22 09:00:31] EDIT sales3/controllers/reportes.py: 0
[2016-12-22 09:05:17] EDIT sales3/views/reportes/ReportesClientes.html: 0
[2016-12-22 09:13:53] EDIT sales3/views/reportes/ReportesClientes.html: -1
[2016-12-22 09:17:13] EDIT sales3/views/reportes/ReportesClientes.html: 4
[2016-12-22 09:17:46] EDIT sales3/views/reportes/ReportesClientes.html: -4
[2016-12-22 09:18:16] EDIT sales3/views/reportes/ReportesClientes.html: 0
[2016-12-22 11:41:53] CREATE modificaciones.py: 0
[2016-12-22 11:52:32] EDIT sales3/controllers/modificaciones.py: 16
[2016-12-22 12:14:56] EDIT sales3/controllers/modificaciones.py: 0
[2016-12-22 12:40:50] EDIT sales3/controllers/altas.py: 9
[2016-12-22 12:42:13] EDIT sales3/controllers/altas.py: 0
[2016-12-22 12:42:17] EDIT sales3/controllers/altas.py: 0
[2016-12-22 12:42:27] EDIT sales3/controllers/altas.py: 0
[2016-12-22 12:43:39] CREATE altas/alta_transporte.html: 0
[2016-12-22 12:53:54] EDIT sales3/views/altas/alta_transporte.html: 0
[2016-12-22 12:54:20] EDIT sales3/controllers/altas.py: 0
[2016-12-22 14:18:08] CREATE modificaciones/editar_cliente.html: 0
[2016-12-22 14:25:36] EDIT sales3/controllers/modificaciones.py: 0
[2016-12-22 14:28:12] EDIT sales3/controllers/modificaciones.py: 0
[2016-12-22 14:32:55] EDIT sales3/controllers/reportes.py: -15
[2016-12-22 14:42:10] EDIT sales3/views/reportes/ReportesProveedores.html: 10
[2016-12-22 14:43:09] EDIT sales3/views/reportes/ReportesProveedores.html: -5
[2016-12-22 14:43:36] EDIT sales3/views/reportes/ReportesProveedores.html: 1
[2016-12-22 14:44:33] EDIT sales3/views/reportes/ReportesProveedores.html: 0
[2016-12-22 14:45:02] EDIT sales3/views/reportes/ReportesProveedores.html: 0
[2016-12-22 14:45:44] EDIT sales3/views/reportes/ReportesProveedores.html: 0
[2016-12-22 14:47:59] CREATE modificaciones/editar_proveedores.html.py: 0
[2016-12-22 14:49:26] EDIT sales3/views/reportes/ReportesProveedores.html: 0
[2016-12-22 14:51:39] CREATE modificaciones/editar_proveedor.html: 0
[2016-12-22 14:52:17] EDIT sales3/views/reportes/ReportesProveedores.html: 0
[2016-12-22 14:56:06] EDIT sales3/controllers/modificaciones.py: 16
[2016-12-22 14:58:17] EDIT sales3/controllers/modificaciones.py: 0
[2016-12-22 15:01:45] EDIT sales3/views/reportes/ReportesClientes.html: 1
[2017-01-16 14:31:10] EDIT sales3Enrique/controllers/reportes.py: 3
[2017-01-16 14:31:20] EDIT sales3Enrique/controllers/reportes.py: 0
[2017-01-16 14:32:30] EDIT sales3Enrique/controllers/reportes.py: -3
[2017-01-16 14:33:45] EDIT sales3Enrique/views/reportes/ReportesProveedores.html: 0
[2017-01-16 14:33:48] EDIT sales3Enrique/controllers/reportes.py: 0
[2017-01-16 14:34:32] EDIT sales3Enrique/controllers/reportes.py: 0
[2017-01-17 08:51:59] EDIT sales3Enrique/controllers/reportes.py: 0
[2017-01-17 08:53:06] EDIT sales3Enrique/controllers/reportes.py: 0
[2017-01-17 08:56:43] EDIT sales3Enrique/views/reportes/ReportesEmpleados.html: 4
[2017-01-17 08:57:24] EDIT sales3Enrique/views/reportes/ReportesEmpleados.html: 0
[2017-01-17 08:58:02] EDIT sales3Enrique/views/reportes/ReportesEmpleados.html: 1
[2017-01-17 09:00:06] EDIT sales3Enrique/views/reportes/ReportesEmpleados.html: -5
[2017-01-17 09:01:23] EDIT sales3Enrique/controllers/reportes.py: 0
[2017-01-17 09:03:15] EDIT sales3Enrique/controllers/reportes.py: 1
[2017-01-17 09:04:02] EDIT sales3Enrique/controllers/reportes.py: 0
[2017-01-17 09:04:43] EDIT sales3Enrique/controllers/reportes.py: 0
[2017-01-17 09:24:58] EDIT sales3Enrique/controllers/reportes.py: 0
[2017-01-17 09:25:54] EDIT sales3Enrique/views/reportes/ReportesEmpleados.html: 11
[2017-01-17 09:27:46] EDIT sales3Enrique/views/reportes/ReportesEmpleados.html: 0
[2017-01-17 09:31:12] EDIT sales3Enrique/views/reportes/ReportesEmpleados.html: 0
[2017-01-17 09:32:22] EDIT sales3Enrique/views/reportes/ReportesEmpleados.html: -11
[2017-01-17 12:47:38] EDIT sales3Enrique/views/reportes/ReportesProveedores.html: 0
[2017-01-17 12:48:47] EDIT sales3Enrique/views/reportes/ReportesProveedores.html: 0
[2017-01-17 12:49:28] EDIT sales3Enrique/views/reportes/ReportesProveedores.html: 0
[2017-01-17 12:50:50] EDIT sales3Enrique/views/reportes/ReportesProveedores.html: 0
[2017-01-17 12:51:07] EDIT sales3Enrique/views/reportes/ReportesProveedores.html: 0
[2017-01-17 14:13:35] EDIT sales3Enrique/views/reportes/ReportesProveedores.html: 2
[2017-01-17 14:16:14] EDIT sales3Enrique/views/reportes/ReportesProveedores.html: 0
[2017-01-17 14:17:49] EDIT sales3Enrique/views/reportes/ReportesProveedores.html: 0
[2017-01-17 14:18:13] EDIT sales3Enrique/views/reportes/ReportesProveedores.html: 0
[2017-01-17 14:18:19] EDIT sales3Enrique/views/reportes/ReportesProveedores.html: 0
[2017-01-17 14:18:49] EDIT sales3Enrique/views/reportes/ReportesProveedores.html: 0
[2017-01-17 14:19:45] EDIT sales3Enrique/views/reportes/ReportesProveedores.html: 0
[2017-01-17 14:20:11] EDIT sales3Enrique/views/reportes/ReportesProveedores.html: 0
[2017-01-17 14:20:31] EDIT sales3Enrique/views/reportes/ReportesProveedores.html: 0
[2017-01-17 14:21:01] EDIT sales3Enrique/views/reportes/ReportesProveedores.html: -1
[2017-01-17 14:22:48] EDIT sales3Enrique/views/reportes/ReportesProveedores.html: 0
[2017-01-17 14:23:29] EDIT sales3Enrique/views/reportes/ReportesProveedores.html: 0
[2017-01-17 14:23:47] EDIT sales3Enrique/views/reportes/ReportesProveedores.html: 0
[2017-01-17 14:23:57] EDIT sales3Enrique/views/reportes/ReportesProveedores.html: 0
[2017-01-17 14:24:12] EDIT sales3Enrique/views/reportes/ReportesProveedores.html: 0
[2017-01-17 14:24:42] EDIT sales3Enrique/views/reportes/ReportesProveedores.html: 0
[2017-01-17 14:25:04] EDIT sales3Enrique/views/reportes/ReportesProveedores.html: 0
[2017-01-17 14:25:16] EDIT sales3Enrique/views/reportes/ReportesProveedores.html: 0
[2017-01-17 14:26:21] EDIT sales3Enrique/views/reportes/ReportesProveedores.html: 0
[2017-01-17 14:26:41] EDIT sales3Enrique/views/reportes/ReportesProveedores.html: 0
[2017-01-17 14:29:07] EDIT sales3Enrique/views/reportes/ReportesProveedores.html: 10
[2017-01-17 14:30:59] EDIT sales3Enrique/views/reportes/ReportesProveedores.html: 0
[2017-01-17 14:31:02] EDIT sales3Enrique/views/reportes/ReportesProveedores.html: -11
[2017-01-17 14:42:39] EDIT sales3Enrique/views/reportes/ReportesProveedores.html: 0
[2017-01-17 14:43:00] EDIT sales3Enrique/views/reportes/ReportesProveedores.html: 0
[2017-01-17 14:44:21] EDIT sales3Enrique/views/reportes/ReportesProveedores.html: 0
[2017-01-17 14:47:21] EDIT sales3Enrique/views/reportes/ReportesProveedores.html: -1
[2017-01-17 14:54:58] EDIT sales3Enrique/views/reportes/ReportesProveedores.html: 2
[2017-01-17 14:55:15] EDIT sales3Enrique/views/reportes/ReportesProveedores.html: -2
[2017-01-17 15:01:54] EDIT sales3Enrique/views/reportes/ReportesProveedores.html: 0
[2017-01-17 15:02:47] EDIT sales3Enrique/views/reportes/ReportesProveedores.html: 0
[2017-01-17 15:02:47] EDIT sales3Enrique/views/reportes/ReportesProveedores.html: 0
[2017-01-17 15:03:27] EDIT sales3Enrique/views/reportes/ReportesProveedores.html: 0
[2017-01-17 15:03:38] EDIT sales3Enrique/views/reportes/ReportesProveedores.html: 0
[2017-01-17 15:04:04] EDIT sales3Enrique/views/reportes/ReportesProveedores.html: 0
[2017-01-17 15:04:25] EDIT sales3Enrique/views/reportes/ReportesProveedores.html: 0
[2017-01-17 15:04:38] EDIT sales3Enrique/views/reportes/ReportesProveedores.html: 0
[2017-01-17 15:05:16] EDIT sales3Enrique/views/reportes/ReportesProveedores.html: 0
[2017-01-17 15:06:11] EDIT sales3Enrique/views/reportes/ReportesProveedores.html: 0
[2017-01-17 15:06:22] EDIT sales3Enrique/views/reportes/ReportesProveedores.html: 0
[2017-01-17 15:06:51] EDIT sales3Enrique/views/reportes/ReportesProveedores.html: 0
[2017-01-17 15:07:08] EDIT sales3Enrique/views/reportes/ReportesProveedores.html: 0
[2017-01-17 15:07:40] EDIT sales3Enrique/views/reportes/ReportesProveedores.html: 0
[2017-01-17 15:08:02] EDIT sales3Enrique/views/reportes/ReportesProveedores.html: 0
[2017-01-17 15:08:16] EDIT sales3Enrique/views/reportes/ReportesProveedores.html: 0
[2017-01-17 16:07:11] EDIT sales3Enrique/views/reportes/ReportesProveedores.html: 0
[2017-01-17 16:07:51] EDIT sales3Enrique/views/reportes/ReportesProveedores.html: 0
[2017-01-18 11:56:43] EDIT sales3Enrique/views/reportes/ReportesProveedores.html: 1
[2017-01-18 12:00:57] EDIT sales3Enrique/views/reportes/ReportesProveedores.html: 0
[2017-01-18 12:02:14] EDIT sales3Enrique/views/reportes/ReportesProveedores.html: 0
[2017-01-18 12:02:56] EDIT sales3Enrique/views/reportes/ReportesProveedores.html: 0
[2017-01-18 12:03:23] EDIT sales3Enrique/views/reportes/ReportesProveedores.html: 0
[2017-01-18 12:14:55] EDIT sales3Enrique/views/reportes/ReportesProveedores.html: 0
[2017-01-18 12:15:18] EDIT sales3Enrique/views/reportes/ReportesProveedores.html: 0
[2017-01-18 12:17:41] EDIT sales3Enrique/views/reportes/ReportesProveedores.html: 1
[2017-01-18 12:19:25] EDIT sales3Enrique/views/reportes/ReportesProveedores.html: 0
[2017-01-18 12:19:40] EDIT sales3Enrique/views/reportes/ReportesProveedores.html: 0
[2017-01-18 12:33:44] EDIT sales3Enrique/views/reportes/ReportesProveedores.html: 1
[2017-01-18 12:34:23] EDIT sales3Enrique/views/reportes/ReportesProveedores.html: -2
[2017-01-18 12:35:28] EDIT sales3Enrique/views/reportes/ReportesProveedores.html: -1
[2017-01-18 12:36:45] EDIT sales3Enrique/views/reportes/ReportesProveedores.html: 0
[2017-01-18 12:37:15] EDIT sales3Enrique/views/reportes/ReportesProveedores.html: 0
[2017-01-18 12:37:51] EDIT sales3Enrique/views/reportes/ReportesProveedores.html: 0
[2017-01-18 12:37:55] EDIT sales3Enrique/views/reportes/ReportesProveedores.html: 0
[2017-01-18 12:39:10] EDIT sales3Enrique/views/reportes/ReportesProveedores.html: 0
[2017-01-18 12:39:40] EDIT sales3Enrique/views/reportes/ReportesProveedores.html: 0
[2017-01-18 12:40:23] EDIT sales3Enrique/views/reportes/ReportesProveedores.html: 0
[2017-01-18 12:42:15] EDIT sales3Enrique/views/reportes/ReportesProveedores.html: 0
[2017-01-18 12:43:16] EDIT sales3Enrique/views/reportes/ReportesProveedores.html: 0
[2017-01-18 12:44:08] EDIT sales3Enrique/views/reportes/ReportesProveedores.html: 1
[2017-01-18 12:44:34] EDIT sales3Enrique/views/reportes/ReportesProveedores.html: 0
[2017-01-18 12:45:24] EDIT sales3Enrique/views/reportes/ReportesProveedores.html: 1
[2017-01-18 12:46:08] EDIT sales3Enrique/views/reportes/ReportesProveedores.html: -1
[2017-01-18 12:46:28] EDIT sales3Enrique/views/reportes/ReportesProveedores.html: 0
[2017-01-18 12:46:56] EDIT sales3Enrique/views/reportes/ReportesProveedores.html: 1
[2017-01-18 12:48:24] EDIT sales3Enrique/models/menu.py: 0
[2017-01-18 13:27:08] EDIT sales3Enrique/controllers/reportes.py: -13
[2017-01-18 13:27:16] EDIT sales3Enrique/controllers/reportes.py: 0
[2017-01-18 13:27:44] EDIT sales3Enrique/controllers/reportes.py: 0
[2017-01-18 13:27:57] EDIT sales3Enrique/controllers/reportes.py: 0
[2017-01-18 13:39:39] EDIT sales3Enrique/views/reportes/ReportesProductos.html: 8
[2017-01-18 13:40:04] EDIT sales3Enrique/views/reportes/ReportesProductos.html: 0
[2017-01-18 13:42:20] EDIT sales3Enrique/views/reportes/ReportesProveedores.html: 0
[2017-01-18 13:43:37] EDIT sales3Enrique/views/reportes/ReportesProductos.html: -1
[2017-01-18 13:45:11] EDIT sales3Enrique/views/reportes/ReportesProductos.html: 1
[2017-01-18 13:45:12] EDIT sales3Enrique/views/reportes/ReportesProductos.html: 0
[2017-01-18 13:45:54] EDIT sales3Enrique/views/reportes/ReportesProductos.html: 0
[2017-01-18 13:46:49] EDIT sales3Enrique/views/reportes/ReportesProveedores.html: 0
[2017-01-18 13:47:59] EDIT sales3Enrique/views/reportes/ReportesProveedores.html: 1
[2017-01-18 13:54:36] EDIT sales3Enrique/views/reportes/ReportesProductos.html: 1
[2017-01-18 13:55:19] EDIT sales3Enrique/views/reportes/ReportesProveedores.html: 1
[2017-01-18 13:55:47] EDIT sales3Enrique/views/reportes/ReportesProductos.html: 1
[2017-01-18 13:56:31] EDIT sales3Enrique/views/reportes/ReportesProductos.html: 0
[2017-01-18 13:56:45] EDIT sales3Enrique/views/reportes/ReportesProductos.html: -1
[2017-01-18 14:02:26] EDIT sales3Enrique/views/reportes/ReportesEmpleados.html: 9
[2017-01-18 14:03:29] EDIT sales3Enrique/controllers/reportes.py: -16
[2017-01-18 14:05:59] EDIT sales3Enrique/views/reportes/ReportesClientes.html: 4
[2017-01-18 14:07:51] EDIT sales3Enrique/views/reportes/ReportesClientes.html: -1
[2017-01-18 14:08:17] EDIT sales3Enrique/views/reportes/ReportesClientes.html: 0
[2017-01-18 14:08:53] EDIT sales3Enrique/views/reportes/ReportesEmpleados.html: 0
[2017-01-18 14:09:39] EDIT sales3Enrique/views/reportes/ReportesProductos.html: 0
[2017-01-18 14:17:04] EDIT sales3Enrique/views/reportes/ReportesProveedores.html: 0
[2017-01-18 14:20:30] EDIT sales3Enrique/views/reportes/ReportesProductos.html: 0
[2017-01-18 14:22:39] EDIT sales3Enrique/views/reportes/ReportesEmpleados.html: 0
[2017-01-18 14:24:47] EDIT sales3Enrique/views/reportes/ReportesClientes.html: 0
[2017-01-18 14:26:28] EDIT sales3Enrique/views/reportes/ReportesProveedores.html: 0
[2017-01-18 14:28:43] EDIT sales3Enrique/controllers/consultas.py: 0
[2017-01-18 14:31:09] EDIT sales3Enrique/views/consultas/ProductoPorCodigo.html: 0
[2017-01-19 08:53:00] EDIT sales3Enrique/views/consultas/ClientesPorApellido.html: 0
[2017-04-06 22:30:08] EDIT ELD_Cosmetic/models/db.py: 14
[2017-04-06 22:39:53] EDIT ELD_Cosmetic/controllers/altas.py: 9
[2017-04-06 23:37:11] EDIT ELD_Cosmetic/controllers/altas.py: 0
[2017-04-06 23:42:44] CREATE altas/alta_venta.html: 0
[2017-04-06 23:50:13] EDIT ELD_Cosmetic/views/altas/alta_venta.html: 0
[2017-04-06 23:52:35] EDIT ELD_Cosmetic/models/menu.py: 0
[2017-04-06 23:52:38] EDIT ELD_Cosmetic/models/menu.py: 0
[2017-04-06 23:57:37] EDIT ELD_Cosmetic/controllers/altas.py: 0
[2017-04-07 00:03:12] EDIT ELD_Cosmetic/models/menu.py: 0
